[2025-07-26 21:05:11] [INFO] [::1] Application initialized
[2025-07-27 00:35:11] [INFO] [::1] Header included this is SESSION {"user_id":"32","name":"Aman Verma","email":"aman@example.com","featured_image":null,"role":"user"}
[2025-07-26 21:05:14] [INFO] [::1] Application initialized
[2025-07-26 21:06:30] [INFO] [::1] Application initialized
[2025-07-27 00:36:30] [INFO] [::1] Attempting to delete application ID: 33 by user ID: 32
[2025-07-27 00:36:30] [INFO] [::1] Error deleting application: Table 'application_system.application_documents' doesn't exist
[2025-07-26 21:06:30] [INFO] [::1] Application initialized
[2025-07-27 00:36:30] [INFO] [::1] Header included this is SESSION {"user_id":"32","name":"Aman Verma","email":"aman@example.com","featured_image":null,"role":"user","error":"Error deleting application: Table 'application_system.application_documents' doesn't exist"}
[2025-07-26 21:06:36] [INFO] [::1] Application initialized
[2025-07-27 00:36:36] [INFO] [::1] Header included this is SESSION {"user_id":"32","name":"Aman Verma","email":"aman@example.com","featured_image":null,"role":"user"}
[2025-07-26 21:06:39] [INFO] [::1] Application initialized
[2025-07-27 00:36:39] [INFO] [::1] Attempting to delete application ID: 33 by user ID: 32
[2025-07-27 00:36:39] [INFO] [::1] Error deleting application: Table 'application_system.application_documents' doesn't exist
[2025-07-26 21:06:39] [INFO] [::1] Application initialized
[2025-07-27 00:36:39] [INFO] [::1] Header included this is SESSION {"user_id":"32","name":"Aman Verma","email":"aman@example.com","featured_image":null,"role":"user","error":"Error deleting application: Table 'application_system.application_documents' doesn't exist"}
[2025-07-26 21:11:51] [INFO] [::1] Application initialized
[2025-07-27 00:41:51] [INFO] [::1] Header included this is SESSION {"user_id":"32","name":"Aman Verma","email":"aman@example.com","featured_image":null,"role":"user"}
[2025-07-26 21:11:57] [INFO] [::1] Application initialized
[2025-07-27 00:41:57] [INFO] [::1] Attempting to delete application ID: 33 by user ID: 32
[2025-07-27 00:41:57] [INFO] [::1] Error deleting application: Unknown column 'application_id' in 'where clause'
[2025-07-26 21:11:57] [INFO] [::1] Application initialized
[2025-07-27 00:41:57] [INFO] [::1] Header included this is SESSION {"user_id":"32","name":"Aman Verma","email":"aman@example.com","featured_image":null,"role":"user","error":"Error deleting application: Unknown column 'application_id' in 'where clause'"}
[2025-07-26 21:14:34] [INFO] [::1] Application initialized
[2025-07-27 00:44:34] [INFO] [::1] Header included this is SESSION {"user_id":"32","name":"Aman Verma","email":"aman@example.com","featured_image":null,"role":"user"}
[2025-07-26 21:14:37] [INFO] [::1] Application initialized
[2025-07-27 00:44:37] [INFO] [::1] Attempting to delete application ID: 33 by user ID: 32
[2025-07-27 00:44:37] [INFO] [::1] Result: 1
[2025-07-26 21:29:24] [INFO] [::1] Application initialized
[2025-07-27 00:59:25] [INFO] [::1] Header included this is SESSION {"user_id":"32","name":"Aman Verma","email":"aman@example.com","featured_image":null,"role":"user"}
[2025-07-26 21:29:26] [INFO] [::1] Application initialized
[2025-07-27 00:59:26] [INFO] [::1] Header included this is SESSION {"user_id":"32","name":"Aman Verma","email":"aman@example.com","featured_image":null,"role":"user"}
[2025-07-26 21:29:28] [INFO] [::1] Application initialized
[2025-07-27 00:59:28] [INFO] [::1] Header included this is SESSION {"user_id":"32","name":"Aman Verma","email":"aman@example.com","featured_image":null,"role":"user"}
[2025-07-26 21:29:29] [INFO] [::1] Application initialized
[2025-07-27 00:59:29] [INFO] [::1] Header included this is SESSION {"user_id":"32","name":"Aman Verma","email":"aman@example.com","featured_image":null,"role":"user"}
[2025-07-26 21:29:45] [INFO] [::1] Application initialized
[2025-07-27 00:59:45] [INFO] [::1] Header included this is SESSION {"user_id":"32","name":"Aman Verma","email":"aman@example.com","featured_image":null,"role":"user"}
[2025-07-27 00:59:45] [INFO] [::1] Name: Aman Verma
[2025-07-27 00:59:45] [INFO] [::1] Email: aman@example.com
[2025-07-27 00:59:45] [INFO] [::1] Phone: 9000000015
[2025-07-27 00:59:45] [INFO] [::1] Has Error: No
[2025-07-27 00:59:45] [INFO] [::1] File uploaded: Yes
[2025-07-27 00:59:45] [INFO] [::1] File inserted successfully.
[2025-07-27 00:59:45] [ERROR] [::1] Profile update error: Field 'email' doesn't have a default value
[2025-07-26 21:29:45] [INFO] [::1] Application initialized
[2025-07-27 00:59:45] [INFO] [::1] Header included this is SESSION {"user_id":"32","name":"Aman Verma","email":"aman@example.com","featured_image":null,"role":"user","error":"Field 'email' doesn't have a default value"}
[2025-07-26 21:36:33] [INFO] [::1] Application initialized
[2025-07-27 01:06:33] [INFO] [::1] Header included this is SESSION {"user_id":"32","name":"Aman Verma","email":"aman@example.com","featured_image":null,"role":"user"}
[2025-07-26 21:38:06] [INFO] [::1] Application initialized
[2025-07-27 01:08:06] [INFO] [::1] Header included this is SESSION {"user_id":"32","name":"Aman Verma","email":"aman@example.com","featured_image":null,"role":"user"}
[2025-07-26 21:38:10] [INFO] [::1] Application initialized
[2025-07-27 01:08:10] [INFO] [::1] Header included this is SESSION {"user_id":"32","name":"Aman Verma","email":"aman@example.com","featured_image":null,"role":"user"}
[2025-07-26 21:39:23] [INFO] [::1] Application initialized
[2025-07-26 21:39:23] [INFO] [::1] Application initialized
[2025-07-27 01:09:23] [INFO] [::1] Header included this is SESSION {"user_id":"32","name":"Aman Verma","email":"aman@example.com","featured_image":null,"role":"user"}
[2025-07-26 21:40:17] [INFO] [::1] Application initialized
[2025-07-27 01:10:17] [INFO] [::1] Header included this is SESSION {"user_id":"32","name":"Aman Verma","email":"aman@example.com","featured_image":null,"role":"user"}
[2025-07-26 21:40:37] [INFO] [::1] Application initialized
[2025-07-27 01:10:37] [INFO] [::1] Header included this is SESSION {"user_id":"32","name":"Aman Verma","email":"aman@example.com","featured_image":null,"role":"user"}
[2025-07-26 21:40:46] [INFO] [::1] Application initialized
[2025-07-27 01:10:46] [INFO] [::1] Header included this is SESSION {"user_id":"32","name":"Aman Verma","email":"aman@example.com","featured_image":null,"role":"user"}
[2025-07-26 21:40:59] [INFO] [::1] Application initialized
[2025-07-27 01:10:59] [INFO] [::1] Header included this is SESSION {"user_id":"32","name":"Aman Verma","email":"aman@example.com","featured_image":null,"role":"user"}
[2025-07-26 21:41:06] [INFO] [::1] Application initialized
[2025-07-27 01:11:06] [INFO] [::1] Header included this is SESSION {"user_id":"32","name":"Aman Verma","email":"aman@example.com","featured_image":null,"role":"user"}
[2025-07-26 21:41:37] [INFO] [::1] Application initialized
[2025-07-27 01:11:37] [INFO] [::1] Header included this is SESSION {"user_id":"32","name":"Aman Verma","email":"aman@example.com","featured_image":null,"role":"user"}
